<?xml version="1.0" encoding="UTF-8"?>
<coverage generated="1730784405748" clover="3.2.0">
  <project timestamp="1730784405748" name="All files">
    <metrics statements="14" coveredstatements="14" conditionals="5" coveredconditionals="4" methods="4" coveredmethods="4" elements="23" coveredelements="22" complexity="0" loc="14" ncloc="14" packages="1" files="1" classes="1"/>
    <file name="index.tsx" path="C:\Repositories\ClimaSense\src\components\SearchCityInput\index.tsx">
      <metrics statements="14" coveredstatements="14" conditionals="5" coveredconditionals="4" methods="4" coveredmethods="4"/>
      <line num="14" count="1" type="stmt"/>
      <line num="20" count="10" type="stmt"/>
      <line num="22" count="10" type="stmt"/>
      <line num="24" count="10" type="stmt"/>
      <line num="25" count="3" type="stmt"/>
      <line num="26" count="3" type="stmt"/>
      <line num="29" count="10" type="stmt"/>
      <line num="30" count="3" type="cond" truecount="2" falsecount="0"/>
      <line num="31" count="2" type="stmt"/>
      <line num="32" count="2" type="stmt"/>
      <line num="35" count="10" type="stmt"/>
      <line num="36" count="1" type="cond" truecount="1" falsecount="1"/>
      <line num="37" count="1" type="stmt"/>
      <line num="41" count="10" type="stmt"/>
    </file>
  </project>
</coverage>
